Using pre-set license
Built from '2020.3/staging' branch; Version is '2020.3.26f1 (7298b473bc1a) revision 7510196'; Using compiler version '192528614'; Build Type 'Release'
OS: 'Windows 11  (10.0.22000) 64bit Core' Language: 'en' Physical Memory: 16262 MB
BatchMode: 1, IsHumanControllingUs: 0, StartBugReporterOnCrash: 0, Is64bit: 1, IsPro: 0

COMMAND LINE ARGUMENTS:
C:\Program Files\Unity\Hub\Editor\2020.3.26f1\Editor\Unity.exe
-adb2
-batchMode
-noUpm
-name
AssetImportWorker0
-projectPath
C:/Users/loict/Desktop/MAJIC/Intégration/Fireball/Fireball_League/Fireball Corridor KnightVsWizard
-logFile
Logs/AssetImportWorker0.log
-srvPort
9084
Successfully changed project path to: C:/Users/loict/Desktop/MAJIC/Intégration/Fireball/Fireball_League/Fireball Corridor KnightVsWizard
C:/Users/loict/Desktop/MAJIC/Intégration/Fireball/Fireball_League/Fireball Corridor KnightVsWizard
Using Asset Import Pipeline V2.
Refreshing native plugins compatible for Editor in 44.73 ms, found 3 plugins.
Preloading 0 native plugins for Editor in 0.00 ms.
Initialize engine version: 2020.3.26f1 (7298b473bc1a)
[Subsystems] Discovering subsystems at path C:/Program Files/Unity/Hub/Editor/2020.3.26f1/Editor/Data/Resources/UnitySubsystems
[Subsystems] Discovering subsystems at path C:/Users/loict/Desktop/MAJIC/Intégration/Fireball/Fireball_League/Fireball Corridor KnightVsWizard/Assets
GfxDevice: creating device client; threaded=0
Direct3D:
    Version:  Direct3D 11.0 [level 11.1]
    Renderer: NVIDIA GeForce RTX 2070 (ID=0x1f50)
    Vendor:   
    VRAM:     8031 MB
    Driver:   30.0.15.1179
Initialize mono
Mono path[0] = 'C:/Program Files/Unity/Hub/Editor/2020.3.26f1/Editor/Data/Managed'
Mono path[1] = 'C:/Program Files/Unity/Hub/Editor/2020.3.26f1/Editor/Data/MonoBleedingEdge/lib/mono/unityjit'
Mono config path = 'C:/Program Files/Unity/Hub/Editor/2020.3.26f1/Editor/Data/MonoBleedingEdge/etc'
Using monoOptions --debugger-agent=transport=dt_socket,embedding=1,server=y,suspend=n,address=127.0.0.1:56852
Begin MonoManager ReloadAssembly
Registering precompiled unity dll's ...
Register platform support module: C:/Program Files/Unity/Hub/Editor/2020.3.26f1/Editor/Data/PlaybackEngines/WindowsStandaloneSupport/UnityEditor.WindowsStandalone.Extensions.dll
Registered in 0.001386 seconds.
Native extension for WindowsStandalone target not found
Refreshing native plugins compatible for Editor in 43.60 ms, found 3 plugins.
Preloading 0 native plugins for Editor in 0.00 ms.
Mono: successfully reloaded assembly
- Completed reload, in  0.602 seconds
Domain Reload Profiling:
	ReloadAssembly (602ms)
		BeginReloadAssembly (50ms)
			ExecutionOrderSort (0ms)
			DisableScriptedObjects (0ms)
			BackupInstance (0ms)
			ReleaseScriptingObjects (0ms)
			CreateAndSetChildDomain (1ms)
		EndReloadAssembly (480ms)
			LoadAssemblies (48ms)
			RebuildTransferFunctionScriptingTraits (0ms)
			SetupTypeCache (162ms)
			ReleaseScriptCaches (0ms)
			RebuildScriptCaches (31ms)
			SetupLoadedEditorAssemblies (182ms)
				LogAssemblyErrors (0ms)
				InitializePlatformSupportModulesInManaged (4ms)
				SetLoadedEditorAssemblies (0ms)
				RefreshPlugins (44ms)
				BeforeProcessingInitializeOnLoad (17ms)
				ProcessInitializeOnLoadAttributes (87ms)
				ProcessInitializeOnLoadMethodAttributes (30ms)
				AfterProcessingInitializeOnLoad (0ms)
				EditorAssembliesLoaded (0ms)
			ExecutionOrderSort2 (0ms)
			AwakeInstancesAfterBackupRestoration (0ms)
Platform modules already initialized, skipping
Registering precompiled user dll's ...
Registered in 0.004101 seconds.
Begin MonoManager ReloadAssembly
Native extension for WindowsStandalone target not found
Refreshing native plugins compatible for Editor in 43.63 ms, found 3 plugins.
Preloading 0 native plugins for Editor in 0.00 ms.
Mono: successfully reloaded assembly
- Completed reload, in  1.172 seconds
Domain Reload Profiling:
	ReloadAssembly (1173ms)
		BeginReloadAssembly (150ms)
			ExecutionOrderSort (0ms)
			DisableScriptedObjects (5ms)
			BackupInstance (0ms)
			ReleaseScriptingObjects (0ms)
			CreateAndSetChildDomain (19ms)
		EndReloadAssembly (948ms)
			LoadAssemblies (101ms)
			RebuildTransferFunctionScriptingTraits (0ms)
			SetupTypeCache (325ms)
			ReleaseScriptCaches (1ms)
			RebuildScriptCaches (47ms)
			SetupLoadedEditorAssemblies (346ms)
				LogAssemblyErrors (0ms)
				InitializePlatformSupportModulesInManaged (3ms)
				SetLoadedEditorAssemblies (0ms)
				RefreshPlugins (44ms)
				BeforeProcessingInitializeOnLoad (81ms)
				ProcessInitializeOnLoadAttributes (196ms)
				ProcessInitializeOnLoadMethodAttributes (17ms)
				AfterProcessingInitializeOnLoad (5ms)
				EditorAssembliesLoaded (0ms)
			ExecutionOrderSort2 (0ms)
			AwakeInstancesAfterBackupRestoration (7ms)
Platform modules already initialized, skipping
========================================================================
Worker process is ready to serve import requests
Launched and connected shader compiler UnityShaderCompiler.exe after 0.06 seconds
Refreshing native plugins compatible for Editor in 0.53 ms, found 3 plugins.
Preloading 0 native plugins for Editor in 0.00 ms.
Unloading 2197 Unused Serialized files (Serialized files now loaded: 0)
System memory in use before: 96.7 MB.
System memory in use after: 96.8 MB.

Unloading 28 unused Assets to reduce memory usage. Loaded Objects now: 2630.
Total: 4.150300 ms (FindLiveObjects: 0.210000 ms CreateObjectMapping: 0.113400 ms MarkObjects: 3.755200 ms  DeleteObjects: 0.070300 ms)

AssetImportParameters requested are different than current active one (requested -> active):
  custom:framework-win-MediaFoundation: 216162199b28c13a410421893ffa2e32 -> 
  custom:video-decoder-ogg-theora: a1e56fd34408186e4bbccfd4996cb3dc -> 
  custom:container-muxer-webm: aa71ff27fc2769a1b78a27578f13a17b -> 
  custom:container-demuxer-webm: 4f35f7cbe854078d1ac9338744f61a02 -> 
  custom:container-demuxer-ogg: 62fdf1f143b41e24485cea50d1cbac27 -> 
  custom:video-encoder-webm-vp8: eb34c28f22e8b96e1ab97ce403110664 -> 
  custom:video-codec-MediaFoundation-h265: 746d11721c4dcdbdad8f713fa42b33f4 -> 
  custom:video-decoder-webm-vp8: 9c59270c3fd7afecdb556c50c9e8de78 -> 
  custom:audio-decoder-ogg-vorbis: bf7c407c2cedff20999df2af8eb42d56 -> 
  custom:audio-encoder-webm-vorbis: bf7c407c2cedff20999df2af8eb42d56 -> 
========================================================================
Received Import Request.
  path: Assets
  artifactKey: Guid(00000000000000001000000000000000) Importer(815301076,1909f56bfc062723c751e8b465ee728b)
Start importing Assets using Guid(00000000000000001000000000000000) Importer(815301076,1909f56bfc062723c751e8b465ee728b)  -> (artifact id: '42d402b061de3733987d63b9cc3b64de') in 0.011765 seconds 
  Import took 0.015434 seconds .

========================================================================
Received Import Request.
  Time since last request: 2.150427 seconds.
  path: Assets/Assets
  artifactKey: Guid(edccc2668b4fb2846adac90eccd432ca) Importer(815301076,1909f56bfc062723c751e8b465ee728b)
Start importing Assets/Assets using Guid(edccc2668b4fb2846adac90eccd432ca) Importer(815301076,1909f56bfc062723c751e8b465ee728b)  -> (artifact id: 'f5694dbf19ed0cdbd0d8cb83a96c2d05') in 0.004468 seconds 
  Import took 0.008446 seconds .

========================================================================
Received Import Request.
  Time since last request: 17.292233 seconds.
  path: Assets/Assets/Sprites
  artifactKey: Guid(015af61620c6a1040a7e919ab03f58e5) Importer(815301076,1909f56bfc062723c751e8b465ee728b)
Start importing Assets/Assets/Sprites using Guid(015af61620c6a1040a7e919ab03f58e5) Importer(815301076,1909f56bfc062723c751e8b465ee728b)  -> (artifact id: '305b2abec03f33744bea823a95bf6285') in 0.012762 seconds 
  Import took 0.017288 seconds .

========================================================================
Received Import Request.
  Time since last request: 13.452851 seconds.
  path: Assets/Assets/Sprites/CastleTiles.png
  artifactKey: Guid(87e7119f9782a0743a40b1e1bc794044) Importer(815301076,1909f56bfc062723c751e8b465ee728b)
Start importing Assets/Assets/Sprites/CastleTiles.png using Guid(87e7119f9782a0743a40b1e1bc794044) Importer(815301076,1909f56bfc062723c751e8b465ee728b)  -> (artifact id: '2a4c2876a2555c40d28f09fdf2271976') in 0.115014 seconds 
  Import took 0.118784 seconds .

========================================================================
Received Import Request.
  Time since last request: 52.171790 seconds.
  path: Assets/Assets/Sprites/CastleTiles.png
  artifactKey: Guid(87e7119f9782a0743a40b1e1bc794044) Importer(815301076,1909f56bfc062723c751e8b465ee728b)
Start importing Assets/Assets/Sprites/CastleTiles.png using Guid(87e7119f9782a0743a40b1e1bc794044) Importer(815301076,1909f56bfc062723c751e8b465ee728b)  -> (artifact id: '443677f3d9dfb350b2c89635f56cd8b0') in 0.023998 seconds 
  Import took 0.027911 seconds .

========================================================================
Received Import Request.
  Time since last request: 33.342268 seconds.
  path: Assets/Assets/Sprites/CastleTiles.png
  artifactKey: Guid(87e7119f9782a0743a40b1e1bc794044) Importer(815301076,1909f56bfc062723c751e8b465ee728b)
Start importing Assets/Assets/Sprites/CastleTiles.png using Guid(87e7119f9782a0743a40b1e1bc794044) Importer(815301076,1909f56bfc062723c751e8b465ee728b)  -> (artifact id: 'e16e9d68bea0322c6e40390b25a67e6d') in 0.015332 seconds 
  Import took 0.019209 seconds .

========================================================================
Received Import Request.
  Time since last request: 95.458839 seconds.
  path: Assets/Assets/Sprites/CastleTiles 1.png
  artifactKey: Guid(c721a17302b6e354481896af2481e32f) Importer(815301076,1909f56bfc062723c751e8b465ee728b)
Start importing Assets/Assets/Sprites/CastleTiles 1.png using Guid(c721a17302b6e354481896af2481e32f) Importer(815301076,1909f56bfc062723c751e8b465ee728b)  -> (artifact id: 'dd2bb5db2d4f1129ab79d1196afaae25') in 0.020430 seconds 
  Import took 0.025296 seconds .

========================================================================
Received Import Request.
  Time since last request: 29.607589 seconds.
  path: Assets/Assets/Sprites/CastleTiles 1.png
  artifactKey: Guid(c721a17302b6e354481896af2481e32f) Importer(815301076,1909f56bfc062723c751e8b465ee728b)
Start importing Assets/Assets/Sprites/CastleTiles 1.png using Guid(c721a17302b6e354481896af2481e32f) Importer(815301076,1909f56bfc062723c751e8b465ee728b)  -> (artifact id: 'd4a7d93a1bb77caededac9962196148c') in 0.016389 seconds 
  Import took 0.021504 seconds .

========================================================================
Received Import Request.
  Time since last request: 438.123718 seconds.
  path: Assets/Assets/Sprites/CastleTiles 1.png
  artifactKey: Guid(c721a17302b6e354481896af2481e32f) Importer(815301076,1909f56bfc062723c751e8b465ee728b)
Start importing Assets/Assets/Sprites/CastleTiles 1.png using Guid(c721a17302b6e354481896af2481e32f) Importer(815301076,1909f56bfc062723c751e8b465ee728b)  -> (artifact id: '741d0e1bdcbf41a4f58645fa6c2791a2') in 0.084872 seconds 
  Import took 0.089562 seconds .

AssetImportWorkerClient::OnTransportError - code=2 error=End of file
